<?xml version="1.0" encoding="UTF-8"?>
<testsuites name="TS_003" time="66.966" tests="5" failures="0" errors="0">
   <testsuite name="TS_003" tests="5" failures="0" errors="0" time="66.966" timestamp="2020-09-30 19:41:18" hostname="tund - F12" id="Test Suites/TS_003">
      <properties>
         <property name="deviceName" value=""/>
         <property name="devicePlatform" value=""/>
         <property name="logFolder" value="/home/tund/Katalon Studio/loginWaitForElementPresent_katalon/Reports/20200930_194109/TS_003/20200930_194109"/>
         <property name="logFiles" value="/home/tund/Katalon Studio/loginWaitForElementPresent_katalon/Reports/20200930_194109/TS_003/20200930_194109/execution0.log"/>
         <property name="attachments" value=""/>
         <property name="hostName" value="tund - F12"/>
         <property name="os" value="Linux 64bit"/>
         <property name="katalonVersion" value="7.7.0.205"/>
         <property name="browser" value="Chrome 85.0.4183.121"/>
         <property name="hostAddress" value="127.0.1.1"/>
         <property name="sessionId" value="a0335cd7f6db457d0990d83318257ac3"/>
         <property name="seleniumVersion" value="3.141.59"/>
         <property name="proxyInformation" value="ProxyInformation { proxyOption=NO_PROXY, proxyServerType=HTTP, username=, password=********, proxyServerAddress=, proxyServerPort=0, executionList=&quot;&quot;, isApplyToDesiredCapabilities=true }"/>
         <property name="platform" value="Linux"/>
      </properties>
      <testcase name="Test Cases/TC01_null" time="10.921" classname="Test Cases/TC01_null" status="PASSED">
         <system-out><![CDATA[2020-09-30 19:41:19 - [TEST_CASE][PASSED] - Test Cases/TC01_null: Test Cases/TC01_null

2020-09-30 19:41:19 - [TEST_STEP][PASSED] - openBrowser(""): Browser is opened with url: ''

2020-09-30 19:41:19 - [MESSAGE][INFO] - Starting 'Chrome' driver

2020-09-30 19:41:20 - [MESSAGE][INFO] - Action delay is set to 0 milliseconds

2020-09-30 19:41:21 - [MESSAGE][PASSED] - Browser is opened with url: ''

2020-09-30 19:41:21 - [TEST_STEP][PASSED] - navigateToUrl("https://katalon-demo-cura.herokuapp.com/"): Navigate to 'https://katalon-demo-cura.herokuapp.com/' successfully

2020-09-30 19:41:26 - [MESSAGE][PASSED] - Navigate to 'https://katalon-demo-cura.herokuapp.com/' successfully

2020-09-30 19:41:26 - [TEST_STEP][PASSED] - click(findTestObject("Object Repository/Page_CURA Healthcare Service/Page_CURA Healthcare Service/a_Make Appointment")): Object: 'Object Repository/Page_CURA Healthcare Service/Page_CURA Healthcare Service/a_Make Appointment' is clicked on

2020-09-30 19:41:28 - [MESSAGE][PASSED] - Object: 'Object Repository/Page_CURA Healthcare Service/Page_CURA Healthcare Service/a_Make Appointment' is clicked on

2020-09-30 19:41:28 - [TEST_STEP][PASSED] - click(findTestObject("Object Repository/Page_CURA Healthcare Service/Page_CURA Healthcare Service/button_Login")): Object: 'Object Repository/Page_CURA Healthcare Service/Page_CURA Healthcare Service/button_Login' is clicked on

2020-09-30 19:41:29 - [MESSAGE][PASSED] - Object: 'Object Repository/Page_CURA Healthcare Service/Page_CURA Healthcare Service/button_Login' is clicked on

2020-09-30 19:41:29 - [TEST_STEP][PASSED] - waitForElementPresent(findTestObject("Page_CURA Healthcare Service/p_Login failed Please ensure the username a_eb55b5"), 30): Object 'Object Repository/Page_CURA Healthcare Service/p_Login failed Please ensure the username a_eb55b5' is present

2020-09-30 19:41:29 - [MESSAGE][PASSED] - Object 'Object Repository/Page_CURA Healthcare Service/p_Login failed Please ensure the username a_eb55b5' is present

2020-09-30 19:41:29 - [TEST_STEP][PASSED] - verifyElementText(findTestObject("Page_CURA Healthcare Service/Page_CURA Healthcare Service/p_Login failed Please ensure the username a_eb55b5"), "Login failed! Please ensure the username and password are valid."): Actual text and expected text of test object 'Object Repository/Page_CURA Healthcare Service/Page_CURA Healthcare Service/p_Login failed Please ensure the username a_eb55b5' are matched.

2020-09-30 19:41:29 - [MESSAGE][PASSED] - Actual text and expected text of test object 'Object Repository/Page_CURA Healthcare Service/Page_CURA Healthcare Service/p_Login failed Please ensure the username a_eb55b5' are matched.

2020-09-30 19:41:29 - [TEST_STEP][PASSED] - closeBrowser(): Browser is closed

2020-09-30 19:41:30 - [MESSAGE][PASSED] - Browser is closed]]></system-out>
         <system-err><![CDATA[]]></system-err>
      </testcase>
      <testcase name="Test Cases/TC02_userNull" time="17.227" classname="Test Cases/TC02_userNull" status="PASSED">
         <system-out><![CDATA[2020-09-30 19:41:30 - [TEST_CASE][PASSED] - Test Cases/TC02_userNull: Test Cases/TC02_userNull

2020-09-30 19:41:30 - [TEST_STEP][PASSED] - openBrowser(""): Browser is opened with url: ''

2020-09-30 19:41:30 - [MESSAGE][INFO] - Starting 'Chrome' driver

2020-09-30 19:41:30 - [MESSAGE][INFO] - Action delay is set to 0 milliseconds

2020-09-30 19:41:30 - [MESSAGE][PASSED] - Browser is opened with url: ''

2020-09-30 19:41:30 - [TEST_STEP][PASSED] - navigateToUrl("https://katalon-demo-cura.herokuapp.com/"): Navigate to 'https://katalon-demo-cura.herokuapp.com/' successfully

2020-09-30 19:41:41 - [MESSAGE][PASSED] - Navigate to 'https://katalon-demo-cura.herokuapp.com/' successfully

2020-09-30 19:41:41 - [TEST_STEP][PASSED] - click(findTestObject("Object Repository/Page_CURA Healthcare Service/Page_CURA Healthcare Service/Page_CURA Healthcare Service/a_Make Appointment")): Object: 'Object Repository/Page_CURA Healthcare Service/Page_CURA Healthcare Service/Page_CURA Healthcare Service/a_Make Appointment' is clicked on

2020-09-30 19:41:43 - [MESSAGE][PASSED] - Object: 'Object Repository/Page_CURA Healthcare Service/Page_CURA Healthcare Service/Page_CURA Healthcare Service/a_Make Appointment' is clicked on

2020-09-30 19:41:43 - [TEST_STEP][PASSED] - setEncryptedText(findTestObject("Object Repository/Page_CURA Healthcare Service/Page_CURA Healthcare Service/Page_CURA Healthcare Service/input_Password_password"), "g3/DOGG74jC3Flrr3yH+3D/yKbOqqUNM"): Text ****** has been set on object 'Object Repository/Page_CURA Healthcare Service/Page_CURA Healthcare Service/Page_CURA Healthcare Service/input_Password_password'

2020-09-30 19:41:44 - [MESSAGE][PASSED] - Text ****** has been set on object 'Object Repository/Page_CURA Healthcare Service/Page_CURA Healthcare Service/Page_CURA Healthcare Service/input_Password_password'

2020-09-30 19:41:44 - [TEST_STEP][PASSED] - click(findTestObject("Object Repository/Page_CURA Healthcare Service/Page_CURA Healthcare Service/Page_CURA Healthcare Service/button_Login")): Object: 'Object Repository/Page_CURA Healthcare Service/Page_CURA Healthcare Service/Page_CURA Healthcare Service/button_Login' is clicked on

2020-09-30 19:41:46 - [MESSAGE][PASSED] - Object: 'Object Repository/Page_CURA Healthcare Service/Page_CURA Healthcare Service/Page_CURA Healthcare Service/button_Login' is clicked on

2020-09-30 19:41:46 - [TEST_STEP][PASSED] - waitForElementPresent(findTestObject("Page_CURA Healthcare Service/Page_CURA Healthcare Service/p_Login failed Please ensure the username a_eb55b5"), 30): Object 'Object Repository/Page_CURA Healthcare Service/Page_CURA Healthcare Service/p_Login failed Please ensure the username a_eb55b5' is present

2020-09-30 19:41:46 - [MESSAGE][PASSED] - Object 'Object Repository/Page_CURA Healthcare Service/Page_CURA Healthcare Service/p_Login failed Please ensure the username a_eb55b5' is present

2020-09-30 19:41:46 - [TEST_STEP][PASSED] - verifyElementText(findTestObject("Object Repository/Page_CURA Healthcare Service/Page_CURA Healthcare Service/Page_CURA Healthcare Service/p_Login failed Please ensure the username a_eb55b5"), "Login failed! Please ensure the username and password are valid."): Actual text and expected text of test object 'Object Repository/Page_CURA Healthcare Service/Page_CURA Healthcare Service/Page_CURA Healthcare Service/p_Login failed Please ensure the username a_eb55b5' are matched.

2020-09-30 19:41:47 - [MESSAGE][PASSED] - Actual text and expected text of test object 'Object Repository/Page_CURA Healthcare Service/Page_CURA Healthcare Service/Page_CURA Healthcare Service/p_Login failed Please ensure the username a_eb55b5' are matched.

2020-09-30 19:41:47 - [TEST_STEP][PASSED] - closeBrowser(): Browser is closed

2020-09-30 19:41:47 - [MESSAGE][PASSED] - Browser is closed]]></system-out>
         <system-err><![CDATA[]]></system-err>
      </testcase>
      <testcase name="Test Cases/TC03_passNull" time="19.681" classname="Test Cases/TC03_passNull" status="PASSED">
         <system-out><![CDATA[2020-09-30 19:41:47 - [TEST_CASE][PASSED] - Test Cases/TC03_passNull: Test Cases/TC03_passNull

2020-09-30 19:41:47 - [TEST_STEP][PASSED] - openBrowser(""): Browser is opened with url: ''

2020-09-30 19:41:47 - [MESSAGE][INFO] - Starting 'Chrome' driver

2020-09-30 19:41:47 - [MESSAGE][INFO] - Action delay is set to 0 milliseconds

2020-09-30 19:41:48 - [MESSAGE][PASSED] - Browser is opened with url: ''

2020-09-30 19:41:48 - [TEST_STEP][PASSED] - navigateToUrl("https://katalon-demo-cura.herokuapp.com/"): Navigate to 'https://katalon-demo-cura.herokuapp.com/' successfully

2020-09-30 19:42:03 - [MESSAGE][PASSED] - Navigate to 'https://katalon-demo-cura.herokuapp.com/' successfully

2020-09-30 19:42:03 - [TEST_STEP][PASSED] - click(findTestObject("Object Repository/Page_CURA Healthcare Service/Page_CURA Healthcare Service/Page_CURA Healthcare Service/a_Make Appointment")): Object: 'Object Repository/Page_CURA Healthcare Service/Page_CURA Healthcare Service/Page_CURA Healthcare Service/a_Make Appointment' is clicked on

2020-09-30 19:42:04 - [MESSAGE][PASSED] - Object: 'Object Repository/Page_CURA Healthcare Service/Page_CURA Healthcare Service/Page_CURA Healthcare Service/a_Make Appointment' is clicked on

2020-09-30 19:42:04 - [TEST_STEP][PASSED] - setText(findTestObject("Object Repository/Page_CURA Healthcare Service/Page_CURA Healthcare Service/Page_CURA Healthcare Service/input_Username_username"), username): Text 'John Doe' is set on object 'Object Repository/Page_CURA Healthcare Service/Page_CURA Healthcare Service/Page_CURA Healthcare Service/input_Username_username'

2020-09-30 19:42:05 - [MESSAGE][PASSED] - Text 'John Doe' is set on object 'Object Repository/Page_CURA Healthcare Service/Page_CURA Healthcare Service/Page_CURA Healthcare Service/input_Username_username'

2020-09-30 19:42:05 - [TEST_STEP][PASSED] - click(findTestObject("Object Repository/Page_CURA Healthcare Service/Page_CURA Healthcare Service/Page_CURA Healthcare Service/button_Login")): Object: 'Object Repository/Page_CURA Healthcare Service/Page_CURA Healthcare Service/Page_CURA Healthcare Service/button_Login' is clicked on

2020-09-30 19:42:06 - [MESSAGE][PASSED] - Object: 'Object Repository/Page_CURA Healthcare Service/Page_CURA Healthcare Service/Page_CURA Healthcare Service/button_Login' is clicked on

2020-09-30 19:42:06 - [TEST_STEP][PASSED] - waitForElementPresent(findTestObject("Page_CURA Healthcare Service/p_Login failed Please ensure the username a_eb55b5"), 30): Object 'Object Repository/Page_CURA Healthcare Service/p_Login failed Please ensure the username a_eb55b5' is present

2020-09-30 19:42:06 - [MESSAGE][PASSED] - Object 'Object Repository/Page_CURA Healthcare Service/p_Login failed Please ensure the username a_eb55b5' is present

2020-09-30 19:42:06 - [TEST_STEP][PASSED] - verifyElementText(findTestObject("Object Repository/Page_CURA Healthcare Service/Page_CURA Healthcare Service/Page_CURA Healthcare Service/p_Login failed Please ensure the username a_eb55b5"), "Login failed! Please ensure the username and password are valid."): Actual text and expected text of test object 'Object Repository/Page_CURA Healthcare Service/Page_CURA Healthcare Service/Page_CURA Healthcare Service/p_Login failed Please ensure the username a_eb55b5' are matched.

2020-09-30 19:42:06 - [MESSAGE][PASSED] - Actual text and expected text of test object 'Object Repository/Page_CURA Healthcare Service/Page_CURA Healthcare Service/Page_CURA Healthcare Service/p_Login failed Please ensure the username a_eb55b5' are matched.

2020-09-30 19:42:06 - [TEST_STEP][PASSED] - closeBrowser(): Browser is closed

2020-09-30 19:42:07 - [MESSAGE][PASSED] - Browser is closed]]></system-out>
         <system-err><![CDATA[]]></system-err>
      </testcase>
      <testcase name="Test Cases/TC04_succ" time="8.974" classname="Test Cases/TC04_succ" status="PASSED">
         <system-out><![CDATA[2020-09-30 19:42:07 - [TEST_CASE][PASSED] - Test Cases/TC04_succ: Test Cases/TC04_succ

2020-09-30 19:42:07 - [TEST_STEP][PASSED] - openBrowser(""): Browser is opened with url: ''

2020-09-30 19:42:07 - [MESSAGE][INFO] - Starting 'Chrome' driver

2020-09-30 19:42:07 - [MESSAGE][INFO] - Action delay is set to 0 milliseconds

2020-09-30 19:42:07 - [MESSAGE][PASSED] - Browser is opened with url: ''

2020-09-30 19:42:07 - [TEST_STEP][PASSED] - navigateToUrl("https://katalon-demo-cura.herokuapp.com/"): Navigate to 'https://katalon-demo-cura.herokuapp.com/' successfully

2020-09-30 19:42:12 - [MESSAGE][PASSED] - Navigate to 'https://katalon-demo-cura.herokuapp.com/' successfully

2020-09-30 19:42:12 - [TEST_STEP][PASSED] - click(findTestObject("Object Repository/Page_CURA Healthcare Service/Page_CURA Healthcare Service/Page_CURA Healthcare Service/Page_CURA Healthcare Service/a_Make Appointment")): Object: 'Object Repository/Page_CURA Healthcare Service/Page_CURA Healthcare Service/Page_CURA Healthcare Service/Page_CURA Healthcare Service/a_Make Appointment' is clicked on

2020-09-30 19:42:12 - [MESSAGE][PASSED] - Object: 'Object Repository/Page_CURA Healthcare Service/Page_CURA Healthcare Service/Page_CURA Healthcare Service/Page_CURA Healthcare Service/a_Make Appointment' is clicked on

2020-09-30 19:42:12 - [TEST_STEP][PASSED] - setText(findTestObject("Object Repository/Page_CURA Healthcare Service/Page_CURA Healthcare Service/Page_CURA Healthcare Service/Page_CURA Healthcare Service/input_Username_username"), username): Text 'John Doe' is set on object 'Object Repository/Page_CURA Healthcare Service/Page_CURA Healthcare Service/Page_CURA Healthcare Service/Page_CURA Healthcare Service/input_Username_username'

2020-09-30 19:42:13 - [MESSAGE][PASSED] - Text 'John Doe' is set on object 'Object Repository/Page_CURA Healthcare Service/Page_CURA Healthcare Service/Page_CURA Healthcare Service/Page_CURA Healthcare Service/input_Username_username'

2020-09-30 19:42:13 - [TEST_STEP][PASSED] - setEncryptedText(findTestObject("Object Repository/Page_CURA Healthcare Service/Page_CURA Healthcare Service/Page_CURA Healthcare Service/Page_CURA Healthcare Service/input_Password_password"), "g3/DOGG74jC3Flrr3yH+3D/yKbOqqUNM"): Text ****** has been set on object 'Object Repository/Page_CURA Healthcare Service/Page_CURA Healthcare Service/Page_CURA Healthcare Service/Page_CURA Healthcare Service/input_Password_password'

2020-09-30 19:42:14 - [MESSAGE][PASSED] - Text ****** has been set on object 'Object Repository/Page_CURA Healthcare Service/Page_CURA Healthcare Service/Page_CURA Healthcare Service/Page_CURA Healthcare Service/input_Password_password'

2020-09-30 19:42:14 - [TEST_STEP][PASSED] - click(findTestObject("Object Repository/Page_CURA Healthcare Service/Page_CURA Healthcare Service/Page_CURA Healthcare Service/Page_CURA Healthcare Service/button_Login")): Object: 'Object Repository/Page_CURA Healthcare Service/Page_CURA Healthcare Service/Page_CURA Healthcare Service/Page_CURA Healthcare Service/button_Login' is clicked on

2020-09-30 19:42:15 - [MESSAGE][PASSED] - Object: 'Object Repository/Page_CURA Healthcare Service/Page_CURA Healthcare Service/Page_CURA Healthcare Service/Page_CURA Healthcare Service/button_Login' is clicked on

2020-09-30 19:42:15 - [TEST_STEP][PASSED] - waitForElementPresent(findTestObject("Page_CURA Healthcare Service/Page_CURA Healthcare Service/Page_CURA Healthcare Service/Page_CURA Healthcare Service/label_Facility"), 30): Object 'Object Repository/Page_CURA Healthcare Service/Page_CURA Healthcare Service/Page_CURA Healthcare Service/Page_CURA Healthcare Service/label_Facility' is present

2020-09-30 19:42:15 - [MESSAGE][PASSED] - Object 'Object Repository/Page_CURA Healthcare Service/Page_CURA Healthcare Service/Page_CURA Healthcare Service/Page_CURA Healthcare Service/label_Facility' is present

2020-09-30 19:42:15 - [TEST_STEP][PASSED] - verifyElementText(findTestObject("Object Repository/Page_CURA Healthcare Service/Page_CURA Healthcare Service/Page_CURA Healthcare Service/Page_CURA Healthcare Service/label_Facility"), "Facility"): Actual text and expected text of test object 'Object Repository/Page_CURA Healthcare Service/Page_CURA Healthcare Service/Page_CURA Healthcare Service/Page_CURA Healthcare Service/label_Facility' are matched.

2020-09-30 19:42:15 - [MESSAGE][PASSED] - Actual text and expected text of test object 'Object Repository/Page_CURA Healthcare Service/Page_CURA Healthcare Service/Page_CURA Healthcare Service/Page_CURA Healthcare Service/label_Facility' are matched.

2020-09-30 19:42:15 - [TEST_STEP][PASSED] - closeBrowser(): Browser is closed

2020-09-30 19:42:16 - [MESSAGE][PASSED] - Browser is closed]]></system-out>
         <system-err><![CDATA[]]></system-err>
      </testcase>
      <testcase name="Test Cases/TC05_userPassFail" time="9.439" classname="Test Cases/TC05_userPassFail" status="PASSED">
         <system-out><![CDATA[2020-09-30 19:42:16 - [TEST_CASE][PASSED] - Test Cases/TC05_userPassFail: Test Cases/TC05_userPassFail

2020-09-30 19:42:16 - [TEST_STEP][PASSED] - openBrowser(""): Browser is opened with url: ''

2020-09-30 19:42:16 - [MESSAGE][INFO] - Starting 'Chrome' driver

2020-09-30 19:42:16 - [MESSAGE][INFO] - Action delay is set to 0 milliseconds

2020-09-30 19:42:16 - [MESSAGE][PASSED] - Browser is opened with url: ''

2020-09-30 19:42:16 - [TEST_STEP][PASSED] - navigateToUrl("https://katalon-demo-cura.herokuapp.com/"): Navigate to 'https://katalon-demo-cura.herokuapp.com/' successfully

2020-09-30 19:42:21 - [MESSAGE][PASSED] - Navigate to 'https://katalon-demo-cura.herokuapp.com/' successfully

2020-09-30 19:42:21 - [TEST_STEP][PASSED] - click(findTestObject("Object Repository/Page_CURA Healthcare Service/Page_CURA Healthcare Service/Page_CURA Healthcare Service/Page_CURA Healthcare Service/Page_CURA Healthcare Service/a_Make Appointment")): Object: 'Object Repository/Page_CURA Healthcare Service/Page_CURA Healthcare Service/Page_CURA Healthcare Service/Page_CURA Healthcare Service/Page_CURA Healthcare Service/a_Make Appointment' is clicked on

2020-09-30 19:42:22 - [MESSAGE][PASSED] - Object: 'Object Repository/Page_CURA Healthcare Service/Page_CURA Healthcare Service/Page_CURA Healthcare Service/Page_CURA Healthcare Service/Page_CURA Healthcare Service/a_Make Appointment' is clicked on

2020-09-30 19:42:22 - [TEST_STEP][PASSED] - setText(findTestObject("Object Repository/Page_CURA Healthcare Service/Page_CURA Healthcare Service/Page_CURA Healthcare Service/Page_CURA Healthcare Service/Page_CURA Healthcare Service/input_Username_username"), "joa"): Text 'joa' is set on object 'Object Repository/Page_CURA Healthcare Service/Page_CURA Healthcare Service/Page_CURA Healthcare Service/Page_CURA Healthcare Service/Page_CURA Healthcare Service/input_Username_username'

2020-09-30 19:42:23 - [MESSAGE][PASSED] - Text 'joa' is set on object 'Object Repository/Page_CURA Healthcare Service/Page_CURA Healthcare Service/Page_CURA Healthcare Service/Page_CURA Healthcare Service/Page_CURA Healthcare Service/input_Username_username'

2020-09-30 19:42:23 - [TEST_STEP][PASSED] - setEncryptedText(findTestObject("Object Repository/Page_CURA Healthcare Service/Page_CURA Healthcare Service/Page_CURA Healthcare Service/Page_CURA Healthcare Service/Page_CURA Healthcare Service/input_Password_password"), "tzH6RvlfSTg="): Text ****** has been set on object 'Object Repository/Page_CURA Healthcare Service/Page_CURA Healthcare Service/Page_CURA Healthcare Service/Page_CURA Healthcare Service/Page_CURA Healthcare Service/input_Password_password'

2020-09-30 19:42:23 - [MESSAGE][PASSED] - Text ****** has been set on object 'Object Repository/Page_CURA Healthcare Service/Page_CURA Healthcare Service/Page_CURA Healthcare Service/Page_CURA Healthcare Service/Page_CURA Healthcare Service/input_Password_password'

2020-09-30 19:42:23 - [TEST_STEP][PASSED] - click(findTestObject("Object Repository/Page_CURA Healthcare Service/Page_CURA Healthcare Service/Page_CURA Healthcare Service/Page_CURA Healthcare Service/Page_CURA Healthcare Service/button_Login")): Object: 'Object Repository/Page_CURA Healthcare Service/Page_CURA Healthcare Service/Page_CURA Healthcare Service/Page_CURA Healthcare Service/Page_CURA Healthcare Service/button_Login' is clicked on

2020-09-30 19:42:24 - [MESSAGE][PASSED] - Object: 'Object Repository/Page_CURA Healthcare Service/Page_CURA Healthcare Service/Page_CURA Healthcare Service/Page_CURA Healthcare Service/Page_CURA Healthcare Service/button_Login' is clicked on

2020-09-30 19:42:24 - [TEST_STEP][PASSED] - waitForElementPresent(findTestObject("Page_CURA Healthcare Service/Page_CURA Healthcare Service/Page_CURA Healthcare Service/Page_CURA Healthcare Service/Page_CURA Healthcare Service/p_Please login to make appointment"), 30): Object 'Object Repository/Page_CURA Healthcare Service/Page_CURA Healthcare Service/Page_CURA Healthcare Service/Page_CURA Healthcare Service/Page_CURA Healthcare Service/p_Please login to make appointment' is present

2020-09-30 19:42:25 - [MESSAGE][PASSED] - Object 'Object Repository/Page_CURA Healthcare Service/Page_CURA Healthcare Service/Page_CURA Healthcare Service/Page_CURA Healthcare Service/Page_CURA Healthcare Service/p_Please login to make appointment' is present

2020-09-30 19:42:25 - [TEST_STEP][PASSED] - verifyElementText(findTestObject("Object Repository/Page_CURA Healthcare Service/Page_CURA Healthcare Service/Page_CURA Healthcare Service/Page_CURA Healthcare Service/Page_CURA Healthcare Service/p_Please login to make appointment"), "Please login to make appointment."): Actual text and expected text of test object 'Object Repository/Page_CURA Healthcare Service/Page_CURA Healthcare Service/Page_CURA Healthcare Service/Page_CURA Healthcare Service/Page_CURA Healthcare Service/p_Please login to make appointment' are matched.

2020-09-30 19:42:25 - [MESSAGE][PASSED] - Actual text and expected text of test object 'Object Repository/Page_CURA Healthcare Service/Page_CURA Healthcare Service/Page_CURA Healthcare Service/Page_CURA Healthcare Service/Page_CURA Healthcare Service/p_Please login to make appointment' are matched.

2020-09-30 19:42:25 - [TEST_STEP][PASSED] - closeBrowser(): Browser is closed

2020-09-30 19:42:25 - [MESSAGE][PASSED] - Browser is closed]]></system-out>
         <system-err><![CDATA[]]></system-err>
      </testcase>
      <system-out><![CDATA[2020-09-30 19:41:18 - [TEST_SUITE][PASSED] - TS_003: Test Cases/TC05_userPassFail]]></system-out>
      <system-err><![CDATA[]]></system-err>
   </testsuite>
</testsuites>
